<?xml version="1.0" encoding="UTF-8"?>
<testng-results ignored="0" total="6" passed="1" failed="5" skipped="0">
  <reporter-output>
  </reporter-output>
  <suite started-at="2024-06-26T17:14:41 IST" name="Cucumber Test Suite" finished-at="2024-06-26T17:14:47 IST" duration-ms="6570">
    <groups>
      <group name="cucumber">
        <method signature="AbstractTestNGCucumberTests.runScenario(io.cucumber.testng.PickleWrapper,io.cucumber.testng.FeatureWrapper)[pri:0, instance:StepDef.TestNGCucumberRunner@399c4be1]" name="runScenario" class="io.cucumber.testng.AbstractTestNGCucumberTests"/>
      </group> <!-- cucumber -->
    </groups>
    <test started-at="2024-06-26T17:14:41 IST" name="Cucumber Tests" finished-at="2024-06-26T17:14:47 IST" duration-ms="6570">
      <class name="StepDef.TestNGCucumberRunner">
        <test-method is-config="true" signature="setUpClass(org.testng.ITestContext)[pri:0, instance:StepDef.TestNGCucumberRunner@399c4be1]" started-at="2024-06-26T17:14:41 IST" name="setUpClass" finished-at="2024-06-26T17:14:41 IST" duration-ms="530" status="PASS">
          <params>
            <param index="0">
              <value>
                <![CDATA[org.testng.TestRunner@5d7148e2]]>
              </value>
            </param>
          </params>
          <reporter-output>
          </reporter-output>
        </test-method> <!-- setUpClass -->
        <test-method signature="runScenario(io.cucumber.testng.PickleWrapper,io.cucumber.testng.FeatureWrapper)[pri:0, instance:StepDef.TestNGCucumberRunner@399c4be1]" started-at="2024-06-26T17:14:41 IST" name="runScenario" description="Runs Cucumber Scenarios" data-provider="scenarios" finished-at="2024-06-26T17:14:47 IST" duration-ms="5977" status="PASS">
          <params>
            <param index="0">
              <value>
                <![CDATA["Test login with valid credentials"]]>
              </value>
            </param>
            <param index="1">
              <value>
                <![CDATA["Test login functionality"]]>
              </value>
            </param>
          </params>
          <reporter-output>
          </reporter-output>
        </test-method> <!-- runScenario -->
        <test-method signature="runScenario(io.cucumber.testng.PickleWrapper,io.cucumber.testng.FeatureWrapper)[pri:0, instance:StepDef.TestNGCucumberRunner@399c4be1]" started-at="2024-06-26T17:14:41 IST" name="runScenario" description="Runs Cucumber Scenarios" data-provider="scenarios" finished-at="2024-06-26T17:14:42 IST" duration-ms="103" status="FAIL">
          <params>
            <param index="0">
              <value>
                <![CDATA["Test search functionality with firstname."]]>
              </value>
            </param>
            <param index="1">
              <value>
                <![CDATA["Test Advisor management flow."]]>
              </value>
            </param>
          </params>
          <exception class="java.lang.NullPointerException">
            <message>
              <![CDATA[Cannot invoke "org.openqa.selenium.WebDriver.getCurrentUrl()" because "BaseClass.BaseMethods.driver" is null]]>
            </message>
            <full-stacktrace>
              <![CDATA[java.lang.NullPointerException: Cannot invoke "org.openqa.selenium.WebDriver.getCurrentUrl()" because "BaseClass.BaseMethods.driver" is null
at BaseClass.BaseMethods.verifyPageUrl(BaseMethods.java:128)
at StepDef.advisorMangement.user_is_on_advisor_management_screen(advisorMangement.java:18)
at ✽.User is on Advisor Management screen.(file:///Users/mohammadakram.saiyed/git/Formdepotjava/Desktop/FormDepotAdminPanelBDD/src/test/resources/Features/2_AdvisorManagement.feature:5)
]]>
            </full-stacktrace>
          </exception> <!-- java.lang.NullPointerException -->
          <reporter-output>
          </reporter-output>
        </test-method> <!-- runScenario -->
        <test-method signature="runScenario(io.cucumber.testng.PickleWrapper,io.cucumber.testng.FeatureWrapper)[pri:0, instance:StepDef.TestNGCucumberRunner@399c4be1]" started-at="2024-06-26T17:14:41 IST" name="runScenario" description="Runs Cucumber Scenarios" data-provider="scenarios" finished-at="2024-06-26T17:14:42 IST" duration-ms="105" status="FAIL">
          <params>
            <param index="0">
              <value>
                <![CDATA["Test search functionality with firstname."]]>
              </value>
            </param>
            <param index="1">
              <value>
                <![CDATA["Test Advisor management flow."]]>
              </value>
            </param>
          </params>
          <exception class="java.lang.NullPointerException">
            <message>
              <![CDATA[Cannot invoke "org.openqa.selenium.WebDriver.getCurrentUrl()" because "BaseClass.BaseMethods.driver" is null]]>
            </message>
            <full-stacktrace>
              <![CDATA[java.lang.NullPointerException: Cannot invoke "org.openqa.selenium.WebDriver.getCurrentUrl()" because "BaseClass.BaseMethods.driver" is null
at BaseClass.BaseMethods.verifyPageUrl(BaseMethods.java:128)
at StepDef.advisorMangement.user_is_on_advisor_management_screen(advisorMangement.java:18)
at ✽.User is on Advisor Management screen.(file:///Users/mohammadakram.saiyed/git/Formdepotjava/Desktop/FormDepotAdminPanelBDD/src/test/resources/Features/2_AdvisorManagement.feature:5)
]]>
            </full-stacktrace>
          </exception> <!-- java.lang.NullPointerException -->
          <reporter-output>
          </reporter-output>
        </test-method> <!-- runScenario -->
        <test-method signature="runScenario(io.cucumber.testng.PickleWrapper,io.cucumber.testng.FeatureWrapper)[pri:0, instance:StepDef.TestNGCucumberRunner@399c4be1]" started-at="2024-06-26T17:14:41 IST" name="runScenario" description="Runs Cucumber Scenarios" data-provider="scenarios" finished-at="2024-06-26T17:14:42 IST" duration-ms="97" status="FAIL">
          <params>
            <param index="0">
              <value>
                <![CDATA["Test search functionality with firstname."]]>
              </value>
            </param>
            <param index="1">
              <value>
                <![CDATA["Test Advisor management flow."]]>
              </value>
            </param>
          </params>
          <exception class="java.lang.NullPointerException">
            <message>
              <![CDATA[Cannot invoke "org.openqa.selenium.WebDriver.getCurrentUrl()" because "BaseClass.BaseMethods.driver" is null]]>
            </message>
            <full-stacktrace>
              <![CDATA[java.lang.NullPointerException: Cannot invoke "org.openqa.selenium.WebDriver.getCurrentUrl()" because "BaseClass.BaseMethods.driver" is null
at BaseClass.BaseMethods.verifyPageUrl(BaseMethods.java:128)
at StepDef.advisorMangement.user_is_on_advisor_management_screen(advisorMangement.java:18)
at ✽.User is on Advisor Management screen.(file:///Users/mohammadakram.saiyed/git/Formdepotjava/Desktop/FormDepotAdminPanelBDD/src/test/resources/Features/2_AdvisorManagement.feature:5)
]]>
            </full-stacktrace>
          </exception> <!-- java.lang.NullPointerException -->
          <reporter-output>
          </reporter-output>
        </test-method> <!-- runScenario -->
        <test-method signature="runScenario(io.cucumber.testng.PickleWrapper,io.cucumber.testng.FeatureWrapper)[pri:0, instance:StepDef.TestNGCucumberRunner@399c4be1]" started-at="2024-06-26T17:14:41 IST" name="runScenario" description="Runs Cucumber Scenarios" data-provider="scenarios" finished-at="2024-06-26T17:14:42 IST" duration-ms="97" status="FAIL">
          <params>
            <param index="0">
              <value>
                <![CDATA["Test search functionality with firstname."]]>
              </value>
            </param>
            <param index="1">
              <value>
                <![CDATA["Test Advisor management flow."]]>
              </value>
            </param>
          </params>
          <exception class="java.lang.NullPointerException">
            <message>
              <![CDATA[Cannot invoke "org.openqa.selenium.WebDriver.getCurrentUrl()" because "BaseClass.BaseMethods.driver" is null]]>
            </message>
            <full-stacktrace>
              <![CDATA[java.lang.NullPointerException: Cannot invoke "org.openqa.selenium.WebDriver.getCurrentUrl()" because "BaseClass.BaseMethods.driver" is null
at BaseClass.BaseMethods.verifyPageUrl(BaseMethods.java:128)
at StepDef.advisorMangement.user_is_on_advisor_management_screen(advisorMangement.java:18)
at ✽.User is on Advisor Management screen.(file:///Users/mohammadakram.saiyed/git/Formdepotjava/Desktop/FormDepotAdminPanelBDD/src/test/resources/Features/2_AdvisorManagement.feature:5)
]]>
            </full-stacktrace>
          </exception> <!-- java.lang.NullPointerException -->
          <reporter-output>
          </reporter-output>
        </test-method> <!-- runScenario -->
        <test-method signature="runScenario(io.cucumber.testng.PickleWrapper,io.cucumber.testng.FeatureWrapper)[pri:0, instance:StepDef.TestNGCucumberRunner@399c4be1]" started-at="2024-06-26T17:14:41 IST" name="runScenario" description="Runs Cucumber Scenarios" data-provider="scenarios" finished-at="2024-06-26T17:14:42 IST" duration-ms="104" status="FAIL">
          <params>
            <param index="0">
              <value>
                <![CDATA["Test Filter functionality."]]>
              </value>
            </param>
            <param index="1">
              <value>
                <![CDATA["Test Advisor management flow."]]>
              </value>
            </param>
          </params>
          <exception class="java.lang.NullPointerException">
            <message>
              <![CDATA[Cannot invoke "org.openqa.selenium.WebDriver.getCurrentUrl()" because "BaseClass.BaseMethods.driver" is null]]>
            </message>
            <full-stacktrace>
              <![CDATA[java.lang.NullPointerException: Cannot invoke "org.openqa.selenium.WebDriver.getCurrentUrl()" because "BaseClass.BaseMethods.driver" is null
at BaseClass.BaseMethods.verifyPageUrl(BaseMethods.java:128)
at StepDef.advisorMangement.user_is_on_advisor_management_screen(advisorMangement.java:18)
at ✽.User is on Advisor Management screen.(file:///Users/mohammadakram.saiyed/git/Formdepotjava/Desktop/FormDepotAdminPanelBDD/src/test/resources/Features/2_AdvisorManagement.feature:18)
]]>
            </full-stacktrace>
          </exception> <!-- java.lang.NullPointerException -->
          <reporter-output>
          </reporter-output>
        </test-method> <!-- runScenario -->
        <test-method is-config="true" signature="tearDownClass()[pri:0, instance:StepDef.TestNGCucumberRunner@399c4be1]" started-at="2024-06-26T17:14:47 IST" name="tearDownClass" finished-at="2024-06-26T17:14:47 IST" duration-ms="19" status="PASS">
          <reporter-output>
          </reporter-output>
        </test-method> <!-- tearDownClass -->
      </class> <!-- StepDef.TestNGCucumberRunner -->
    </test> <!-- Cucumber Tests -->
  </suite> <!-- Cucumber Test Suite -->
</testng-results>
